<?xml version="1.0" encoding="UTF-8"?>
<!-- Generated by org.testng.reporters.JUnitXMLReporter -->
<testsuite ignored="4" hostname="DESKTOP-3J7S10G" failures="0" tests="9" name="ReserveTests" time="571.292" errors="0" timestamp="2023-11-01T04:51:54 EET">
  <testcase classname="tests.T02_SearchForBusTest" name="testSearch" time="49.82"/>
  <testcase classname="tests.T03_SelectBusTest" name="TestSelectSeatsBtn" time="3.661"/>
  <testcase classname="tests.T03_SelectBusTest" name="TestSelectAvailSeats" time="5.184"/>
  <testcase classname="tests.T03_SelectBusTest" name="TestBoardingDroppingPoint" time="0.654"/>
  <testcase classname="tests.T03_SelectBusTest" name="TestSetCstInfo" time="1.581"/>
  <testcase classname="tests.T03_SelectBusTest" name="fillPassengerInfo" time="4.843"/>
  <testcase classname="tests.T03_SelectBusTest" name="fillPassengerInfo" time="3.183"/>
  <testcase classname="tests.T03_SelectBusTest" name="TestClickPayment" time="75.337"/>
  <testcase classname="tests.T04_PayMethodTest" name="paymentTest" time="10.262"/>
  <testcase classname="tests.BaseTest" name="@BeforeTest setUp" time="0.0">
    <ignored/>
  </testcase> <!-- @BeforeTest setUp -->
  <testcase classname="tests.BaseTest" name="@BeforeTest setUp" time="0.0">
    <ignored/>
  </testcase> <!-- @BeforeTest setUp -->
  <testcase classname="tests.BaseTest" name="@AfterTest tearDown" time="0.0">
    <ignored/>
  </testcase> <!-- @AfterTest tearDown -->
  <testcase classname="tests.BaseTest" name="@AfterTest tearDown" time="0.0">
    <ignored/>
  </testcase> <!-- @AfterTest tearDown -->
</testsuite> <!-- ReserveTests -->
