<?xml version="1.0" encoding="UTF-8"?>
<!-- Generated by org.testng.reporters.JUnitXMLReporter -->
<testsuite ignored="4" hostname="DESKTOP-3J7S10G" failures="0" tests="8" name="LoginTests" time="333.662" errors="0" timestamp="2023-10-30T04:32:19 EET">
  <testcase classname="tests.T02_SearchForBusTest" name="testSearch" time="22.365"/>
  <testcase classname="tests.T03_SelectBusTest" name="TestSelectSeatsBtn" time="6.742"/>
  <testcase classname="tests.T03_SelectBusTest" name="TestSelectAvailSeats" time="5.587"/>
  <testcase classname="tests.T03_SelectBusTest" name="TestBoardingDroppingPoint" time="0.899"/>
  <testcase classname="tests.T03_SelectBusTest" name="TestSetCstInfo" time="6.862"/>
  <testcase classname="tests.T03_SelectBusTest" name="fillPassengerInfo" time="3.587"/>
  <testcase classname="tests.T03_SelectBusTest" name="TestClickPayment" time="75.28"/>
  <testcase classname="tests.T04_PayMethodTest" name="paymentTest" time="4.557"/>
  <testcase classname="tests.BaseTest" name="@BeforeTest setUp" time="0.0">
    <ignored/>
  </testcase> <!-- @BeforeTest setUp -->
  <testcase classname="tests.BaseTest" name="@AfterTest tearDown" time="0.0">
    <ignored/>
  </testcase> <!-- @AfterTest tearDown -->
  <testcase classname="tests.BaseTest" name="@BeforeTest setUp" time="0.0">
    <ignored/>
  </testcase> <!-- @BeforeTest setUp -->
  <testcase classname="tests.BaseTest" name="@AfterTest tearDown" time="0.0">
    <ignored/>
  </testcase> <!-- @AfterTest tearDown -->
</testsuite> <!-- LoginTests -->
