<?xml version="1.0" encoding="UTF-8"?>
<!-- Generated by org.testng.reporters.JUnitXMLReporter -->
<testsuite ignored="0" hostname="DESKTOP-3J7S10G" failures="1" tests="1" name="SearchTests" time="40.27" errors="0" timestamp="2023-10-15T17:06:50 EET">
  <testcase classname="tests.T02_SearchForBusTest" name="testSearch" time="0.013">
    <failure type="java.lang.NullPointerException" message="Cannot invoke &amp;quot;pages.P02_HomePage.setFromPlace(String)&amp;quot; because &amp;quot;this.homePage&amp;quot; is null">
        <![CDATA[java.lang.NullPointerException: Cannot invoke "pages.P02_HomePage.setFromPlace(String)" because "this.homePage" is null
at tests.T02_SearchForBusTest.testSearch(SearchForBusTest.java:9)
at java.base/java.util.ArrayList.forEach(ArrayList.java:1511)
at runner.TestRunner.main(TestRunner.java:26)
... Removed 22 stack frames]]>
    </failure>
  </testcase> <!-- testSearch -->
</testsuite> <!-- SearchTests -->
