<?xml version="1.0" encoding="UTF-8"?>
<testng-results ignored="0" total="9" passed="9" failed="0" skipped="0">
  <reporter-output>
  </reporter-output>
  <suite started-at="2023-11-01T04:42:20 EET" name="reservationSuite" finished-at="2023-11-01T04:51:51 EET" duration-ms="571292">
    <groups>
    </groups>
    <test started-at="2023-11-01T04:42:20 EET" name="ReserveTests" finished-at="2023-11-01T04:51:51 EET" duration-ms="571292">
      <class name="tests.T02_SearchForBusTest">
        <test-method is-config="true" signature="setUp()[pri:0, instance:tests.T02_SearchForBusTest@123f1134]" started-at="2023-11-01T04:42:20 EET" name="setUp" finished-at="2023-11-01T04:47:41 EET" duration-ms="321309" status="PASS">
          <reporter-output>
          </reporter-output>
        </test-method> <!-- setUp -->
        <test-method signature="testSearch()[pri:1, instance:tests.T02_SearchForBusTest@123f1134]" started-at="2023-11-01T04:47:43 EET" name="testSearch" finished-at="2023-11-01T04:48:32 EET" duration-ms="49820" status="PASS">
          <reporter-output>
          </reporter-output>
        </test-method> <!-- testSearch -->
        <test-method is-config="true" signature="tearDown()[pri:0, instance:tests.T02_SearchForBusTest@123f1134]" started-at="2023-11-01T04:51:30 EET" name="tearDown" finished-at="2023-11-01T04:51:51 EET" duration-ms="20968" status="PASS">
          <reporter-output>
          </reporter-output>
        </test-method> <!-- tearDown -->
      </class> <!-- tests.T02_SearchForBusTest -->
      <class name="tests.T04_PayMethodTest">
        <test-method signature="paymentTest()[pri:0, instance:tests.T04_PayMethodTest@2c34f934]" started-at="2023-11-01T04:51:20 EET" name="paymentTest" finished-at="2023-11-01T04:51:30 EET" duration-ms="10262" status="PASS">
          <reporter-output>
          </reporter-output>
        </test-method> <!-- paymentTest -->
      </class> <!-- tests.T04_PayMethodTest -->
      <class name="tests.T03_SelectBusTest">
        <test-method is-config="true" signature="setDrive()[pri:0, instance:tests.T03_SelectBusTest@55ca8de8]" started-at="2023-11-01T04:48:33 EET" name="setDrive" finished-at="2023-11-01T04:48:33 EET" duration-ms="231" status="PASS">
          <reporter-output>
          </reporter-output>
        </test-method> <!-- setDrive -->
        <test-method signature="TestSelectSeatsBtn()[pri:2, instance:tests.T03_SelectBusTest@55ca8de8]" started-at="2023-11-01T04:48:33 EET" name="TestSelectSeatsBtn" finished-at="2023-11-01T04:48:37 EET" duration-ms="3661" status="PASS">
          <reporter-output>
          </reporter-output>
        </test-method> <!-- TestSelectSeatsBtn -->
        <test-method is-config="true" signature="setDrive()[pri:0, instance:tests.T03_SelectBusTest@55ca8de8]" started-at="2023-11-01T04:48:37 EET" name="setDrive" finished-at="2023-11-01T04:48:37 EET" duration-ms="6" status="PASS">
          <reporter-output>
          </reporter-output>
        </test-method> <!-- setDrive -->
        <test-method signature="TestSelectAvailSeats()[pri:3, instance:tests.T03_SelectBusTest@55ca8de8]" started-at="2023-11-01T04:48:37 EET" name="TestSelectAvailSeats" finished-at="2023-11-01T04:48:42 EET" depends-on-methods="tests.T03_SelectBusTest.TestSelectSeatsBtn" duration-ms="5184" status="PASS">
          <reporter-output>
          </reporter-output>
        </test-method> <!-- TestSelectAvailSeats -->
        <test-method is-config="true" signature="setDrive()[pri:0, instance:tests.T03_SelectBusTest@55ca8de8]" started-at="2023-11-01T04:48:42 EET" name="setDrive" finished-at="2023-11-01T04:48:42 EET" duration-ms="4" status="PASS">
          <reporter-output>
          </reporter-output>
        </test-method> <!-- setDrive -->
        <test-method signature="TestBoardingDroppingPoint()[pri:0, instance:tests.T03_SelectBusTest@55ca8de8]" started-at="2023-11-01T04:48:42 EET" name="TestBoardingDroppingPoint" finished-at="2023-11-01T04:48:43 EET" depends-on-methods="tests.T03_SelectBusTest.TestSelectAvailSeats" duration-ms="654" status="PASS">
          <reporter-output>
          </reporter-output>
        </test-method> <!-- TestBoardingDroppingPoint -->
        <test-method is-config="true" signature="setDrive()[pri:0, instance:tests.T03_SelectBusTest@55ca8de8]" started-at="2023-11-01T04:48:43 EET" name="setDrive" finished-at="2023-11-01T04:48:43 EET" duration-ms="3" status="PASS">
          <reporter-output>
          </reporter-output>
        </test-method> <!-- setDrive -->
        <test-method signature="TestSetCstInfo()[pri:0, instance:tests.T03_SelectBusTest@55ca8de8]" started-at="2023-11-01T04:48:43 EET" name="TestSetCstInfo" finished-at="2023-11-01T04:48:45 EET" depends-on-methods="tests.T03_SelectBusTest.TestBoardingDroppingPoint" duration-ms="1581" status="PASS">
          <reporter-output>
          </reporter-output>
        </test-method> <!-- TestSetCstInfo -->
        <test-method is-config="true" signature="setDrive()[pri:0, instance:tests.T03_SelectBusTest@55ca8de8]" started-at="2023-11-01T04:49:57 EET" name="setDrive" finished-at="2023-11-01T04:49:57 EET" duration-ms="2" status="PASS">
          <reporter-output>
          </reporter-output>
        </test-method> <!-- setDrive -->
        <test-method signature="fillPassengerInfo(int,java.lang.String,java.lang.String,int,java.lang.String,java.lang.String)[pri:0, instance:tests.T03_SelectBusTest@55ca8de8]" started-at="2023-11-01T04:49:57 EET" name="fillPassengerInfo" data-provider="customerData" finished-at="2023-11-01T04:50:02 EET" depends-on-methods="tests.T03_SelectBusTest.TestSetCstInfo" duration-ms="4843" status="PASS">
          <params>
            <param index="0">
              <value>
                <![CDATA[0]]>
              </value>
            </param>
            <param index="1">
              <value>
                <![CDATA[Shrouk]]>
              </value>
            </param>
            <param index="2">
              <value>
                <![CDATA[female]]>
              </value>
            </param>
            <param index="3">
              <value>
                <![CDATA[20]]>
              </value>
            </param>
            <param index="4">
              <value>
                <![CDATA[GENERAL PUBLIC]]>
              </value>
            </param>
            <param index="5">
              <value>
                <![CDATA[INDIA]]>
              </value>
            </param>
          </params>
          <reporter-output>
          </reporter-output>
        </test-method> <!-- fillPassengerInfo -->
        <test-method is-config="true" signature="setDrive()[pri:0, instance:tests.T03_SelectBusTest@55ca8de8]" started-at="2023-11-01T04:50:02 EET" name="setDrive" finished-at="2023-11-01T04:50:02 EET" duration-ms="2" status="PASS">
          <reporter-output>
          </reporter-output>
        </test-method> <!-- setDrive -->
        <test-method signature="fillPassengerInfo(int,java.lang.String,java.lang.String,int,java.lang.String,java.lang.String)[pri:0, instance:tests.T03_SelectBusTest@55ca8de8]" started-at="2023-11-01T04:50:02 EET" name="fillPassengerInfo" data-provider="customerData" finished-at="2023-11-01T04:50:05 EET" depends-on-methods="tests.T03_SelectBusTest.TestSetCstInfo" duration-ms="3183" status="PASS">
          <params>
            <param index="0">
              <value>
                <![CDATA[1]]>
              </value>
            </param>
            <param index="1">
              <value>
                <![CDATA[Ahmed]]>
              </value>
            </param>
            <param index="2">
              <value>
                <![CDATA[male]]>
              </value>
            </param>
            <param index="3">
              <value>
                <![CDATA[25]]>
              </value>
            </param>
            <param index="4">
              <value>
                <![CDATA[GENERAL PUBLIC]]>
              </value>
            </param>
            <param index="5">
              <value>
                <![CDATA[INDIA]]>
              </value>
            </param>
          </params>
          <reporter-output>
          </reporter-output>
        </test-method> <!-- fillPassengerInfo -->
        <test-method is-config="true" signature="setDrive()[pri:0, instance:tests.T03_SelectBusTest@55ca8de8]" started-at="2023-11-01T04:50:05 EET" name="setDrive" finished-at="2023-11-01T04:50:05 EET" duration-ms="1" status="PASS">
          <reporter-output>
          </reporter-output>
        </test-method> <!-- setDrive -->
        <test-method signature="TestClickPayment()[pri:0, instance:tests.T03_SelectBusTest@55ca8de8]" started-at="2023-11-01T04:50:05 EET" name="TestClickPayment" finished-at="2023-11-01T04:51:20 EET" depends-on-methods="tests.T03_SelectBusTest.fillPassengerInfo" duration-ms="75337" status="PASS">
          <reporter-output>
          </reporter-output>
        </test-method> <!-- TestClickPayment -->
      </class> <!-- tests.T03_SelectBusTest -->
    </test> <!-- ReserveTests -->
  </suite> <!-- reservationSuite -->
</testng-results>
